app/build/intermediates/manifest_merge_blame_file/debug/manifest-merger-blame-debug-report.txt
1<?xml version="1.0" encoding="utf-8"?>
2<manifest xmlns:android="http://schemas.android.com/apk/res/android"
3    package="com.example.bookmanager_java"
4    android:versionCode="1"
5    android:versionName="1.0" >
6
7    <uses-sdk
8        android:minSdkVersion="22"
8-->src\main\AndroidManifest.xml
9        android:targetSdkVersion="31" />
9-->src\main\AndroidManifest.xml
10
11    <application
11-->src\main\AndroidManifest.xml:5:5-43:19
12        android:allowBackup="true"
12-->src\main\AndroidManifest.xml:6:9-35
13        android:appComponentFactory="androidx.core.app.CoreComponentFactory"
13-->[androidx.core:core:1.7.0] AndroidManifest.xml:24:18-86
14        android:debuggable="true"
15        android:icon="@mipmap/ic_launcher"
15-->src\main\AndroidManifest.xml:7:9-43
16        android:label="@string/app_name"
16-->src\main\AndroidManifest.xml:8:9-41
17        android:roundIcon="@mipmap/ic_launcher_round"
17-->src\main\AndroidManifest.xml:9:9-54
18        android:supportsRtl="true"
18-->src\main\AndroidManifest.xml:10:9-35
19        android:testOnly="true"
20        android:theme="@style/Theme.BookManager_java" >
20-->src\main\AndroidManifest.xml:11:9-54
21        <service
21-->src\main\AndroidManifest.xml:12:9-15:47
22            android:name="com.example.bookmanager_java.MyService4"
22-->src\main\AndroidManifest.xml:13:13-39
23            android:enabled="true"
23-->src\main\AndroidManifest.xml:14:13-35
24            android:exported="true" />
24-->src\main\AndroidManifest.xml:15:13-36
25        <service
25-->src\main\AndroidManifest.xml:16:9-19:39
26            android:name="com.example.bookmanager_java.MyService3"
26-->src\main\AndroidManifest.xml:17:13-39
27            android:enabled="true"
27-->src\main\AndroidManifest.xml:18:13-35
28            android:exported="true" />
28-->src\main\AndroidManifest.xml:19:13-36
29        <service
29-->src\main\AndroidManifest.xml:20:9-23:39
30            android:name="com.example.bookmanager_java.MyService2"
30-->src\main\AndroidManifest.xml:21:13-39
31            android:enabled="true"
31-->src\main\AndroidManifest.xml:22:13-35
32            android:exported="true" />
32-->src\main\AndroidManifest.xml:23:13-36
33        <service
33-->src\main\AndroidManifest.xml:24:9-27:39
34            android:name="com.example.bookmanager_java.MyService"
34-->src\main\AndroidManifest.xml:25:13-38
35            android:enabled="true"
35-->src\main\AndroidManifest.xml:26:13-35
36            android:exported="true" />
36-->src\main\AndroidManifest.xml:27:13-36
37
38        <activity
38-->src\main\AndroidManifest.xml:28:9-30:40
39            android:name="com.example.bookmanager_java.MainActivity3"
39-->src\main\AndroidManifest.xml:29:13-42
40            android:exported="false" />
40-->src\main\AndroidManifest.xml:30:13-37
41        <activity
41-->src\main\AndroidManifest.xml:31:9-33:40
42            android:name="com.example.bookmanager_java.MainActivity2"
42-->src\main\AndroidManifest.xml:32:13-42
43            android:exported="false" />
43-->src\main\AndroidManifest.xml:33:13-37
44        <activity
44-->src\main\AndroidManifest.xml:34:9-42:20
45            android:name="com.example.bookmanager_java.MainActivity"
45-->src\main\AndroidManifest.xml:35:13-41
46            android:exported="true" >
46-->src\main\AndroidManifest.xml:36:13-36
47            <intent-filter>
47-->src\main\AndroidManifest.xml:37:13-41:29
48                <action android:name="android.intent.action.MAIN" />
48-->src\main\AndroidManifest.xml:38:17-69
48-->src\main\AndroidManifest.xml:38:25-66
49
50                <category android:name="android.intent.category.LAUNCHER" />
50-->src\main\AndroidManifest.xml:40:17-77
50-->src\main\AndroidManifest.xml:40:27-74
51            </intent-filter>
52        </activity>
53
54        <provider
54-->[androidx.emoji2:emoji2:1.0.0] AndroidManifest.xml:26:9-34:20
55            android:name="androidx.startup.InitializationProvider"
55-->[androidx.emoji2:emoji2:1.0.0] AndroidManifest.xml:27:13-67
56            android:authorities="com.example.bookmanager_java.androidx-startup"
56-->[androidx.emoji2:emoji2:1.0.0] AndroidManifest.xml:28:13-68
57            android:exported="false" >
57-->[androidx.emoji2:emoji2:1.0.0] AndroidManifest.xml:29:13-37
58            <meta-data
58-->[androidx.emoji2:emoji2:1.0.0] AndroidManifest.xml:31:13-33:52
59                android:name="androidx.emoji2.text.EmojiCompatInitializer"
59-->[androidx.emoji2:emoji2:1.0.0] AndroidManifest.xml:32:17-75
60                android:value="androidx.startup" />
60-->[androidx.emoji2:emoji2:1.0.0] AndroidManifest.xml:33:17-49
61            <meta-data
61-->[androidx.lifecycle:lifecycle-process:2.4.0] AndroidManifest.xml:31:13-33:52
62                android:name="androidx.lifecycle.ProcessLifecycleInitializer"
62-->[androidx.lifecycle:lifecycle-process:2.4.0] AndroidManifest.xml:32:17-78
63                android:value="androidx.startup" />
63-->[androidx.lifecycle:lifecycle-process:2.4.0] AndroidManifest.xml:33:17-49
64        </provider>
65    </application>
66
67</manifest>